2023-10-25 12:51:13,545 INFO TestBase [TestBase.java:23] Started test ---->loginPositiveTest
2023-10-25 12:51:17,034 INFO TestBase [LoginTests.java:21] loginPositiveTest1 katy@mail.ru & Kk12345!
2023-10-25 12:51:20,208 INFO TestBase [TestBase.java:28] Finished test ---->loginPositiveTest
2023-10-25 12:51:20,211 INFO TestBase [TestBase.java:23] Started test ---->loginPositiveTest1
2023-10-25 12:51:20,626 INFO TestBase [LoginTests.java:44] loginPositiveTest1 taty@mail.ru & Tt12345!
2023-10-25 12:51:20,968 INFO TestBase [TestBase.java:28] Finished test ---->loginPositiveTest1
2023-10-25 12:51:20,969 INFO TestBase [TestBase.java:23] Started test ---->loginPositiveTestProps
2023-10-25 12:51:24,094 INFO m.WDListener [WDListener.java:15] Something went wrong!!!
2023-10-25 12:51:24,094 INFO m.WDListener [WDListener.java:16] no such element: Unable to locate element: {"method":"css selector","selector":"#email"}
  (Session info: chrome=118.0.5993.88)
For documentation on this error, please visit: https://www.seleniumhq.org/exceptions/no_such_element.html
Build info: version: '3.141.59', revision: 'e82be7d358', time: '2018-11-14T08:17:03'
System info: host: 'Alesias-MacBook-Pro.local', ip: 'fe80:0:0:0:102c:fe:bf64:c8ec%en0', os.name: 'Mac OS X', os.arch: 'x86_64', os.version: '13.4.1', java.version: '1.8.0_333'
Driver info: org.openqa.selenium.chrome.ChromeDriver
Capabilities {acceptInsecureCerts: false, browserName: chrome, browserVersion: 118.0.5993.88, chrome: {chromedriverVersion: 118.0.5993.70 (e52f33f30b91..., userDataDir: /var/folders/kv/vrlp6xsj69g...}, fedcm:accounts: true, goog:chromeOptions: {debuggerAddress: localhost:49262}, javascriptEnabled: true, networkConnectionEnabled: false, pageLoadStrategy: normal, platform: MAC, platformName: MAC, proxy: Proxy(), setWindowRect: true, strictFileInteractability: false, timeouts: {implicit: 0, pageLoad: 300000, script: 30000}, unhandledPromptBehavior: dismiss and notify, webauthn:extension:credBlob: true, webauthn:extension:largeBlob: true, webauthn:extension:minPinLength: true, webauthn:extension:prf: true, webauthn:virtualAuthenticators: true}
Session ID: 08a6b94f8e5c9368fa549525af19886d
*** Element info: {Using=id, value=email}
2023-10-25 12:51:24,094 INFO m.WDListener [WDListener.java:17] org.openqa.selenium.NoSuchElementException: no such element: Unable to locate element: {"method":"css selector","selector":"#email"}
  (Session info: chrome=118.0.5993.88)
For documentation on this error, please visit: https://www.seleniumhq.org/exceptions/no_such_element.html
Build info: version: '3.141.59', revision: 'e82be7d358', time: '2018-11-14T08:17:03'
System info: host: 'Alesias-MacBook-Pro.local', ip: 'fe80:0:0:0:102c:fe:bf64:c8ec%en0', os.name: 'Mac OS X', os.arch: 'x86_64', os.version: '13.4.1', java.version: '1.8.0_333'
Driver info: org.openqa.selenium.chrome.ChromeDriver
Capabilities {acceptInsecureCerts: false, browserName: chrome, browserVersion: 118.0.5993.88, chrome: {chromedriverVersion: 118.0.5993.70 (e52f33f30b91..., userDataDir: /var/folders/kv/vrlp6xsj69g...}, fedcm:accounts: true, goog:chromeOptions: {debuggerAddress: localhost:49262}, javascriptEnabled: true, networkConnectionEnabled: false, pageLoadStrategy: normal, platform: MAC, platformName: MAC, proxy: Proxy(), setWindowRect: true, strictFileInteractability: false, timeouts: {implicit: 0, pageLoad: 300000, script: 30000}, unhandledPromptBehavior: dismiss and notify, webauthn:extension:credBlob: true, webauthn:extension:largeBlob: true, webauthn:extension:minPinLength: true, webauthn:extension:prf: true, webauthn:virtualAuthenticators: true}
Session ID: 08a6b94f8e5c9368fa549525af19886d
*** Element info: {Using=id, value=email}
2023-10-25 12:51:24,911 INFO m.WDListener [WDListener.java:21] Here is the path to screenshot with error ---> src/test/screenshots/screenshot- 3084 .png
2023-10-25 12:51:27,976 INFO m.WDListener [WDListener.java:15] Something went wrong!!!
2023-10-25 12:51:27,976 INFO m.WDListener [WDListener.java:16] no such element: Unable to locate element: {"method":"xpath","selector":"//button[@type='button']"}
  (Session info: chrome=118.0.5993.88)
For documentation on this error, please visit: https://www.seleniumhq.org/exceptions/no_such_element.html
Build info: version: '3.141.59', revision: 'e82be7d358', time: '2018-11-14T08:17:03'
System info: host: 'Alesias-MacBook-Pro.local', ip: 'fe80:0:0:0:102c:fe:bf64:c8ec%en0', os.name: 'Mac OS X', os.arch: 'x86_64', os.version: '13.4.1', java.version: '1.8.0_333'
Driver info: org.openqa.selenium.chrome.ChromeDriver
Capabilities {acceptInsecureCerts: false, browserName: chrome, browserVersion: 118.0.5993.88, chrome: {chromedriverVersion: 118.0.5993.70 (e52f33f30b91..., userDataDir: /var/folders/kv/vrlp6xsj69g...}, fedcm:accounts: true, goog:chromeOptions: {debuggerAddress: localhost:49262}, javascriptEnabled: true, networkConnectionEnabled: false, pageLoadStrategy: normal, platform: MAC, platformName: MAC, proxy: Proxy(), setWindowRect: true, strictFileInteractability: false, timeouts: {implicit: 0, pageLoad: 300000, script: 30000}, unhandledPromptBehavior: dismiss and notify, webauthn:extension:credBlob: true, webauthn:extension:largeBlob: true, webauthn:extension:minPinLength: true, webauthn:extension:prf: true, webauthn:virtualAuthenticators: true}
Session ID: 08a6b94f8e5c9368fa549525af19886d
*** Element info: {Using=xpath, value=//button[@type='button']}
2023-10-25 12:51:27,977 INFO m.WDListener [WDListener.java:17] org.openqa.selenium.NoSuchElementException: no such element: Unable to locate element: {"method":"xpath","selector":"//button[@type='button']"}
  (Session info: chrome=118.0.5993.88)
For documentation on this error, please visit: https://www.seleniumhq.org/exceptions/no_such_element.html
Build info: version: '3.141.59', revision: 'e82be7d358', time: '2018-11-14T08:17:03'
System info: host: 'Alesias-MacBook-Pro.local', ip: 'fe80:0:0:0:102c:fe:bf64:c8ec%en0', os.name: 'Mac OS X', os.arch: 'x86_64', os.version: '13.4.1', java.version: '1.8.0_333'
Driver info: org.openqa.selenium.chrome.ChromeDriver
Capabilities {acceptInsecureCerts: false, browserName: chrome, browserVersion: 118.0.5993.88, chrome: {chromedriverVersion: 118.0.5993.70 (e52f33f30b91..., userDataDir: /var/folders/kv/vrlp6xsj69g...}, fedcm:accounts: true, goog:chromeOptions: {debuggerAddress: localhost:49262}, javascriptEnabled: true, networkConnectionEnabled: false, pageLoadStrategy: normal, platform: MAC, platformName: MAC, proxy: Proxy(), setWindowRect: true, strictFileInteractability: false, timeouts: {implicit: 0, pageLoad: 300000, script: 30000}, unhandledPromptBehavior: dismiss and notify, webauthn:extension:credBlob: true, webauthn:extension:largeBlob: true, webauthn:extension:minPinLength: true, webauthn:extension:prf: true, webauthn:virtualAuthenticators: true}
Session ID: 08a6b94f8e5c9368fa549525af19886d
*** Element info: {Using=xpath, value=//button[@type='button']}
2023-10-25 12:51:28,717 INFO m.WDListener [WDListener.java:21] Here is the path to screenshot with error ---> src/test/screenshots/screenshot- 3087 .png
